<?xml version="1.0" encoding="UTF-8"?>
<testng-results ignored="0" total="1" passed="1" failed="0" skipped="0">
  <reporter-output>
  </reporter-output>
  <suite started-at="2024-08-27T16:56:20 IST" name="Default suite" finished-at="2024-08-27T16:57:07 IST" duration-ms="46208">
    <groups>
    </groups>
    <test started-at="2024-08-27T16:56:20 IST" name="Default test" finished-at="2024-08-27T16:57:07 IST" duration-ms="46208">
      <class name="testCases.TC001_HomePageRegister">
        <test-method is-config="true" signature="setUp()[pri:0, instance:testCases.TC001_HomePageRegister@663411de]" started-at="2024-08-27T16:56:20 IST" name="setUp" finished-at="2024-08-27T16:56:24 IST" duration-ms="3877" status="PASS">
          <reporter-output>
          </reporter-output>
        </test-method> <!-- setUp -->
        <test-method signature="verify_accountRegister()[pri:1, instance:testCases.TC001_HomePageRegister@663411de]" started-at="2024-08-27T16:56:24 IST" name="verify_accountRegister" finished-at="2024-08-27T16:57:06 IST" duration-ms="42239" status="PASS">
          <reporter-output>
          </reporter-output>
        </test-method> <!-- verify_accountRegister -->
      </class> <!-- testCases.TC001_HomePageRegister -->
    </test> <!-- Default test -->
  </suite> <!-- Default suite -->
</testng-results>
